<?xml version="1.0" encoding="UTF-8"?>
<!-- Generated by org.testng.reporters.JUnitReportReporter -->
<testsuite hostname="DESKTOP-7D7SDGE" failures="0" tests="4" name="runner.APIRunner" time="35.403" errors="0" timestamp="2024-06-26T16:55:44 IST" skipped="0">
  <testcase classname="runner.APIRunner" name="runScenario" time="8.556"/>
  <system-out/>
  <testcase classname="runner.APIRunner" name="runScenario" time="7.676"/>
  <system-out/>
  <testcase classname="runner.APIRunner" name="runScenario" time="7.956"/>
  <system-out/>
  <testcase classname="runner.APIRunner" name="runScenario" time="11.215"/>
  <system-out/>
</testsuite> <!-- runner.APIRunner -->
